<?xml version="1.0" encoding="UTF-8"?>
<!-- Generated by org.testng.reporters.JUnitReportReporter -->
<testsuite hostname="PRIJOSH" failures="0" tests="4" name="testScript.LoginTest" time="10.962" errors="0" timestamp="2025-07-28T12:50:23 GST" skipped="0">
  <testcase classname="testScript.LoginTest" name="verifyLoginWithValidUsernameInvalidPassword" time="2.305"/>
  <testcase classname="testScript.LoginTest" name="verifyLoginWithIncorrectUsernameValidPassword" time="2.959"/>
  <testcase classname="testScript.LoginTest" name="verifyUserLoginWithValidCredentials" time="3.310"/>
  <testcase classname="testScript.LoginTest" name="verifyLoginWithIncorrectUsernameAndIncorrectPassword" time="2.388"/>
</testsuite> <!-- testScript.LoginTest -->
