<?xml version="1.0" encoding="UTF-8"?>
<!-- Generated by org.testng.reporters.JUnitReportReporter -->
<testsuite hostname="PRIJOSH" failures="0" tests="1" name="seleniumBasics.TestNGAnnotations" time="0.009" errors="0" timestamp="2025-07-28T12:37:58 GST" skipped="0">
  <testcase classname="seleniumBasics.TestNGAnnotations" name="sampleTestCase" time="0.009"/>
</testsuite> <!-- seleniumBasics.TestNGAnnotations -->
