<?xml version="1.0" encoding="UTF-8"?>
<!-- Generated by org.testng.reporters.JUnitReportReporter -->
<testsuite hostname="PRIJOSH" failures="0" tests="4" name="testScript.LoginTest" time="24.501" errors="0" timestamp="2025-07-30T19:30:11 GST" skipped="0">
  <testcase classname="testScript.LoginTest" name="verifyLoginWithIncorrectUsernameValidPassword" time="4.442"/>
  <testcase classname="testScript.LoginTest" name="verifyUserLoginWithValidCredentials" time="6.737"/>
  <testcase classname="testScript.LoginTest" name="verifyLoginWithIncorrectUsernameAndIncorrectPassword" time="6.072"/>
  <testcase classname="testScript.LoginTest" name="verifyLoginWithValidUsernameInvalidPassword" time="7.250"/>
</testsuite> <!-- testScript.LoginTest -->
